Determining if the pthread_create exist failed with the following output:
Change Dir: /home/chandan/JdeRobotGSOC_2021/ROS2_challenge/catkin_ws/build/catkin_tools_prebuild/CMakeFiles/CMakeTmp

Run Build Command:"/usr/bin/make" "cmTC_741d6/fast"
/usr/bin/make -f CMakeFiles/cmTC_741d6.dir/build.make CMakeFiles/cmTC_741d6.dir/build
make[1]: Entering directory '/home/chandan/JdeRobotGSOC_2021/ROS2_challenge/catkin_ws/build/catkin_tools_prebuild/CMakeFiles/CMakeTmp'
Building C object CMakeFiles/cmTC_741d6.dir/CheckSymbolExists.c.o
/usr/lib/ccache/cc    -o CMakeFiles/cmTC_741d6.dir/CheckSymbolExists.c.o   -c /home/chandan/JdeRobotGSOC_2021/ROS2_challenge/catkin_ws/build/catkin_tools_prebuild/CMakeFiles/CMakeTmp/CheckSymbolExists.c
Linking C executable cmTC_741d6
/usr/bin/cmake -E cmake_link_script CMakeFiles/cmTC_741d6.dir/link.txt --verbose=1
/usr/lib/ccache/cc      -rdynamic CMakeFiles/cmTC_741d6.dir/CheckSymbolExists.c.o  -o cmTC_741d6 
CMakeFiles/cmTC_741d6.dir/CheckSymbolExists.c.o: In function `main':
CheckSymbolExists.c:(.text+0x1b): undefined reference to `pthread_create'
collect2: error: ld returned 1 exit status
CMakeFiles/cmTC_741d6.dir/build.make:97: recipe for target 'cmTC_741d6' failed
make[1]: *** [cmTC_741d6] Error 1
make[1]: Leaving directory '/home/chandan/JdeRobotGSOC_2021/ROS2_challenge/catkin_ws/build/catkin_tools_prebuild/CMakeFiles/CMakeTmp'
Makefile:126: recipe for target 'cmTC_741d6/fast' failed
make: *** [cmTC_741d6/fast] Error 2

File /home/chandan/JdeRobotGSOC_2021/ROS2_challenge/catkin_ws/build/catkin_tools_prebuild/CMakeFiles/CMakeTmp/CheckSymbolExists.c:
/* */
#include <pthread.h>

int main(int argc, char** argv)
{
  (void)argv;
#ifndef pthread_create
  return ((int*)(&pthread_create))[argc];
#else
  (void)argc;
  return 0;
#endif
}

Determining if the function pthread_create exists in the pthreads failed with the following output:
Change Dir: /home/chandan/JdeRobotGSOC_2021/ROS2_challenge/catkin_ws/build/catkin_tools_prebuild/CMakeFiles/CMakeTmp

Run Build Command:"/usr/bin/make" "cmTC_899f5/fast"
/usr/bin/make -f CMakeFiles/cmTC_899f5.dir/build.make CMakeFiles/cmTC_899f5.dir/build
make[1]: Entering directory '/home/chandan/JdeRobotGSOC_2021/ROS2_challenge/catkin_ws/build/catkin_tools_prebuild/CMakeFiles/CMakeTmp'
Building C object CMakeFiles/cmTC_899f5.dir/CheckFunctionExists.c.o
/usr/lib/ccache/cc   -DCHECK_FUNCTION_EXISTS=pthread_create   -o CMakeFiles/cmTC_899f5.dir/CheckFunctionExists.c.o   -c /usr/share/cmake-3.10/Modules/CheckFunctionExists.c
Linking C executable cmTC_899f5
/usr/bin/cmake -E cmake_link_script CMakeFiles/cmTC_899f5.dir/link.txt --verbose=1
/usr/lib/ccache/cc  -DCHECK_FUNCTION_EXISTS=pthread_create    -rdynamic CMakeFiles/cmTC_899f5.dir/CheckFunctionExists.c.o  -o cmTC_899f5 -lpthreads 
/usr/bin/ld: cannot find -lpthreads
collect2: error: ld returned 1 exit status
CMakeFiles/cmTC_899f5.dir/build.make:97: recipe for target 'cmTC_899f5' failed
make[1]: *** [cmTC_899f5] Error 1
make[1]: Leaving directory '/home/chandan/JdeRobotGSOC_2021/ROS2_challenge/catkin_ws/build/catkin_tools_prebuild/CMakeFiles/CMakeTmp'
Makefile:126: recipe for target 'cmTC_899f5/fast' failed
make: *** [cmTC_899f5/fast] Error 2


