Determining if the pthread_create exist failed with the following output:
Change Dir: /home/chandan/JdeRobotGSOC_2021/ROS2_challenge/catkin_ws/build/turtlebot3_teleop/CMakeFiles/CMakeTmp

Run Build Command:"/usr/bin/make" "cmTC_48690/fast"
/usr/bin/make -f CMakeFiles/cmTC_48690.dir/build.make CMakeFiles/cmTC_48690.dir/build
make[1]: Entering directory '/home/chandan/JdeRobotGSOC_2021/ROS2_challenge/catkin_ws/build/turtlebot3_teleop/CMakeFiles/CMakeTmp'
Building C object CMakeFiles/cmTC_48690.dir/CheckSymbolExists.c.o
/usr/lib/ccache/cc    -o CMakeFiles/cmTC_48690.dir/CheckSymbolExists.c.o   -c /home/chandan/JdeRobotGSOC_2021/ROS2_challenge/catkin_ws/build/turtlebot3_teleop/CMakeFiles/CMakeTmp/CheckSymbolExists.c
Linking C executable cmTC_48690
/usr/bin/cmake -E cmake_link_script CMakeFiles/cmTC_48690.dir/link.txt --verbose=1
/usr/lib/ccache/cc      -rdynamic CMakeFiles/cmTC_48690.dir/CheckSymbolExists.c.o  -o cmTC_48690 
CMakeFiles/cmTC_48690.dir/CheckSymbolExists.c.o: In function `main':
CheckSymbolExists.c:(.text+0x1b): undefined reference to `pthread_create'
collect2: error: ld returned 1 exit status
CMakeFiles/cmTC_48690.dir/build.make:97: recipe for target 'cmTC_48690' failed
make[1]: *** [cmTC_48690] Error 1
make[1]: Leaving directory '/home/chandan/JdeRobotGSOC_2021/ROS2_challenge/catkin_ws/build/turtlebot3_teleop/CMakeFiles/CMakeTmp'
Makefile:126: recipe for target 'cmTC_48690/fast' failed
make: *** [cmTC_48690/fast] Error 2

File /home/chandan/JdeRobotGSOC_2021/ROS2_challenge/catkin_ws/build/turtlebot3_teleop/CMakeFiles/CMakeTmp/CheckSymbolExists.c:
/* */
#include <pthread.h>

int main(int argc, char** argv)
{
  (void)argv;
#ifndef pthread_create
  return ((int*)(&pthread_create))[argc];
#else
  (void)argc;
  return 0;
#endif
}

Determining if the function pthread_create exists in the pthreads failed with the following output:
Change Dir: /home/chandan/JdeRobotGSOC_2021/ROS2_challenge/catkin_ws/build/turtlebot3_teleop/CMakeFiles/CMakeTmp

Run Build Command:"/usr/bin/make" "cmTC_b2724/fast"
/usr/bin/make -f CMakeFiles/cmTC_b2724.dir/build.make CMakeFiles/cmTC_b2724.dir/build
make[1]: Entering directory '/home/chandan/JdeRobotGSOC_2021/ROS2_challenge/catkin_ws/build/turtlebot3_teleop/CMakeFiles/CMakeTmp'
Building C object CMakeFiles/cmTC_b2724.dir/CheckFunctionExists.c.o
/usr/lib/ccache/cc   -DCHECK_FUNCTION_EXISTS=pthread_create   -o CMakeFiles/cmTC_b2724.dir/CheckFunctionExists.c.o   -c /usr/share/cmake-3.10/Modules/CheckFunctionExists.c
Linking C executable cmTC_b2724
/usr/bin/cmake -E cmake_link_script CMakeFiles/cmTC_b2724.dir/link.txt --verbose=1
/usr/lib/ccache/cc  -DCHECK_FUNCTION_EXISTS=pthread_create    -rdynamic CMakeFiles/cmTC_b2724.dir/CheckFunctionExists.c.o  -o cmTC_b2724 -lpthreads 
/usr/bin/ld: cannot find -lpthreads
collect2: error: ld returned 1 exit status
CMakeFiles/cmTC_b2724.dir/build.make:97: recipe for target 'cmTC_b2724' failed
make[1]: *** [cmTC_b2724] Error 1
make[1]: Leaving directory '/home/chandan/JdeRobotGSOC_2021/ROS2_challenge/catkin_ws/build/turtlebot3_teleop/CMakeFiles/CMakeTmp'
Makefile:126: recipe for target 'cmTC_b2724/fast' failed
make: *** [cmTC_b2724/fast] Error 2


